<?xml version="1.0" encoding="UTF-8"?>
<!-- Generated by org.testng.reporters.JUnitXMLReporter -->
<testsuite ignored="0" hostname="GP-PC-001" failures="1" tests="1" name="LoginTest" time="2.685" errors="0" timestamp="2024-02-14T19:38:52 CST">
  <testcase classname="test.LoginTest" name="validUserShouldBeAbleToLogin" time="2.606">
    <failure type="org.openqa.selenium.SessionNotCreatedException" message="session not created: This version of ChromeDriver only supports Chrome version 117
Current browser version is 121.0.6167.161 with binary path C:\Program Files (x86)\Google\Chrome\Application\chrome.exe
Build info: version: &amp;apos;3.141.59&amp;apos;, revision: &amp;apos;e82be7d358&amp;apos;, time: &amp;apos;2018-11-14T08:17:03&amp;apos;
System info: host: &amp;apos;GP-PC-001&amp;apos;, ip: &amp;apos;10.2.1.249&amp;apos;, os.name: &amp;apos;Windows 10&amp;apos;, os.arch: &amp;apos;amd64&amp;apos;, os.version: &amp;apos;10.0&amp;apos;, java.version: &amp;apos;11.0.18&amp;apos;
Driver info: driver.version: ChromeDriver
remote stacktrace: 	GetHandleVerifier [0x00007FF65B837892+54818]
	(No symbol) [0x00007FF65B7A6AC2]
	(No symbol) [0x00007FF65B65DA3B]
	(No symbol) [0x00007FF65B690972]
	(No symbol) [0x00007FF65B68FDCE]
	(No symbol) [0x00007FF65B68AA4B]
	(No symbol) [0x00007FF65B68802E]
	(No symbol) [0x00007FF65B6C67FB]
	(No symbol) [0x00007FF65B6BE883]
	(No symbol) [0x00007FF65B693691]
	(No symbol) [0x00007FF65B6948D4]
	GetHandleVerifier [0x00007FF65BB9B992+3610402]
	GetHandleVerifier [0x00007FF65BBF1860+3962352]
	GetHandleVerifier [0x00007FF65BBE9D4F+3930847]
	GetHandleVerifier [0x00007FF65B8D3646+693206]
	(No symbol) [0x00007FF65B7B1628]
	(No symbol) [0x00007FF65B7AD934]
	(No symbol) [0x00007FF65B7ADA62]
	(No symbol) [0x00007FF65B79E113]
	BaseThreadInitThunk [0x00007FF92AF47034+20]
	RtlUserThreadStart [0x00007FF92B942651+33]
">
      <![CDATA[org.openqa.selenium.SessionNotCreatedException: session not created: This version of ChromeDriver only supports Chrome version 117
Current browser version is 121.0.6167.161 with binary path C:\Program Files (x86)\Google\Chrome\Application\chrome.exe
Build info: version: '3.141.59', revision: 'e82be7d358', time: '2018-11-14T08:17:03'
System info: host: 'GP-PC-001', ip: '10.2.1.249', os.name: 'Windows 10', os.arch: 'amd64', os.version: '10.0', java.version: '11.0.18'
Driver info: driver.version: ChromeDriver
remote stacktrace: GetHandleVerifier [0x00007FF65B837892+54818]
(No symbol) [0x00007FF65B7A6AC2]
(No symbol) [0x00007FF65B65DA3B]
(No symbol) [0x00007FF65B690972]
(No symbol) [0x00007FF65B68FDCE]
(No symbol) [0x00007FF65B68AA4B]
(No symbol) [0x00007FF65B68802E]
(No symbol) [0x00007FF65B6C67FB]
(No symbol) [0x00007FF65B6BE883]
(No symbol) [0x00007FF65B693691]
(No symbol) [0x00007FF65B6948D4]
GetHandleVerifier [0x00007FF65BB9B992+3610402]
GetHandleVerifier [0x00007FF65BBF1860+3962352]
GetHandleVerifier [0x00007FF65BBE9D4F+3930847]
GetHandleVerifier [0x00007FF65B8D3646+693206]
(No symbol) [0x00007FF65B7B1628]
(No symbol) [0x00007FF65B7AD934]
(No symbol) [0x00007FF65B7ADA62]
(No symbol) [0x00007FF65B79E113]
BaseThreadInitThunk [0x00007FF92AF47034+20]
RtlUserThreadStart [0x00007FF92B942651+33]

at org.openqa.selenium.remote.W3CHandshakeResponse.lambda$errorHandler$0(W3CHandshakeResponse.java:62)
at org.openqa.selenium.remote.HandshakeResponse.lambda$getResponseFunction$0(HandshakeResponse.java:30)
at org.openqa.selenium.remote.ProtocolHandshake.lambda$createSession$0(ProtocolHandshake.java:126)
at java.base/java.util.stream.ReferencePipeline$3$1.accept(ReferencePipeline.java:195)
at java.base/java.util.Spliterators$ArraySpliterator.tryAdvance(Spliterators.java:958)
at java.base/java.util.stream.ReferencePipeline.forEachWithCancel(ReferencePipeline.java:127)
at java.base/java.util.stream.AbstractPipeline.copyIntoWithCancel(AbstractPipeline.java:502)
at java.base/java.util.stream.AbstractPipeline.copyInto(AbstractPipeline.java:488)
at java.base/java.util.stream.AbstractPipeline.wrapAndCopyInto(AbstractPipeline.java:474)
at java.base/java.util.stream.FindOps$FindOp.evaluateSequential(FindOps.java:150)
at java.base/java.util.stream.AbstractPipeline.evaluate(AbstractPipeline.java:234)
at java.base/java.util.stream.ReferencePipeline.findFirst(ReferencePipeline.java:543)
at org.openqa.selenium.remote.ProtocolHandshake.createSession(ProtocolHandshake.java:128)
at org.openqa.selenium.remote.ProtocolHandshake.createSession(ProtocolHandshake.java:74)
at org.openqa.selenium.remote.HttpCommandExecutor.execute(HttpCommandExecutor.java:136)
at org.openqa.selenium.remote.service.DriverCommandExecutor.execute(DriverCommandExecutor.java:83)
at org.openqa.selenium.remote.RemoteWebDriver.execute(RemoteWebDriver.java:552)
at org.openqa.selenium.remote.RemoteWebDriver.startSession(RemoteWebDriver.java:213)
at org.openqa.selenium.remote.RemoteWebDriver.<init>(RemoteWebDriver.java:131)
at org.openqa.selenium.chrome.ChromeDriver.<init>(ChromeDriver.java:181)
at org.openqa.selenium.chrome.ChromeDriver.<init>(ChromeDriver.java:168)
at org.openqa.selenium.chrome.ChromeDriver.<init>(ChromeDriver.java:123)
at util.BrowserFactory.setup(BrowserFactory.java:44)
at test.LoginTest.validUserShouldBeAbleToLogin(LoginTest.java:27)
at java.base/java.util.ArrayList.forEach(ArrayList.java:1541)
... Removed 31 stack frames]]>
    </failure>
  </testcase> <!-- validUserShouldBeAbleToLogin -->
</testsuite> <!-- LoginTest -->
